<?xml version="1.0" encoding="UTF-8"?>
<!-- Generated by org.testng.reporters.JUnitReportReporter -->
<testsuite hostname="WINDOWS-T9ISB41" failures="0" tests="1" name="address" time="42.829" errors="0" timestamp="2020-05-06T12:05:52 IST" skipped="0">
  <testcase classname="address" name="aboutus_chn" time="42.829"/>
  <system-out/>
</testsuite> <!-- address -->
